<?xml version="1.0" encoding="UTF-8"?>
<!-- Generated by org.testng.reporters.JUnitReportReporter -->
<testsuite hostname="RahulPersonal" failures="0" tests="1" name="testCases.TC_001_LoginTest" time="21.007" errors="0" timestamp="2023-01-27T10:11:51 IST" skipped="0">
  <testcase classname="testCases.TC_001_LoginTest" name="successful_Login" time="21.007"/>
  <system-out/>
</testsuite> <!-- testCases.TC_001_LoginTest -->
