<?xml version="1.0" encoding="UTF-8"?>
<!-- Generated by org.testng.reporters.JUnitReportReporter -->
<testsuite hostname="RahulPersonal" failures="0" tests="1" name="testCases.TC_001_LoginTest" time="14.091" errors="0" timestamp="2023-01-29T17:22:16 IST" skipped="0">
  <testcase classname="testCases.TC_001_LoginTest" name="successful_Login" time="14.091"/>
  <system-out/>
</testsuite> <!-- testCases.TC_001_LoginTest -->
