<?xml version="1.0" encoding="UTF-8"?>
<!-- Generated by org.testng.reporters.JUnitReportReporter -->
<testsuite hostname="RahulPersonal" failures="0" tests="2" name="testCases.TC_001_LoginTest" time="41.742" errors="0" timestamp="2023-02-12T19:45:21 IST" skipped="0">
  <testcase classname="testCases.TC_001_LoginTest" name="successful_Login" time="25.947"/>
  <system-out/>
  <testcase classname="testCases.TC_001_LoginTest" name="click_leftmenu" time="15.795"/>
  <system-out/>
</testsuite> <!-- testCases.TC_001_LoginTest -->
